{"level":"info","message":"FAILED!-PATCH"}
{"level":"info","message":"FAILED!-INTSERVERERR"}
{"level":"info","message":"FAILED!-INTSERVERERR"}
{"level":"info","message":"SUCCESS!-PATCH"}
{"level":"info","message":"SUCCESS!-USERS-FOUND","timestamp":"2024-08-02T06:35:41.868Z"}
{"level":"info","message":"SUCCESS!-USER-POSTED","timestamp":"2024-08-02T06:40:08.300Z"}
{"level":"info","message":"SUCCESS!-USER-UPDATED","timestamp":"2024-08-02T06:40:36.508Z"}
{"level":"info","message":"SUCCESS!-USERS-FOUND","timestamp":"2024-08-02T06:40:47.015Z"}
{"level":"info","message":"SUCCESS!-USER-DELETED","timestamp":"2024-08-02T06:40:56.228Z"}
{"level":"error","message":"FAILED!-INTERNAL-SERVER-ERROR","timestamp":"2024-08-02T10:12:43.164Z"}
{"level":"info","message":"SUCCESS!-USER-POSTED","timestamp":"2024-08-02T10:17:41.780Z"}
{"level":"info","message":"FAILED!-INTERNAL-SERVER-ERROR","timestamp":"2024-08-02T10:26:08.076Z"}
{"level":"info","message":"SUCCESS!-USERS-FOUND","timestamp":"2024-08-02T10:51:07.380Z"}
{"level":"info","message":"FAILED!-INVALID-USER-ID","timestamp":"2024-08-02T10:57:16.627Z"}
{"level":"info","message":"SUCCESS!-USERS-FOUND","timestamp":"2024-08-03T08:05:18.818Z"}
{"level":"info","message":"SUCCESS!-USER-POSTED","timestamp":"2024-08-03T08:06:30.432Z"}
{"level":"info","message":"SUCCESS!-USER-DELETED","timestamp":"2024-08-03T08:07:55.374Z"}
{"level":"info","message":"SUCCESS!-USERS-FOUND","timestamp":"2024-08-03T08:08:04.148Z"}
{"level":"info","message":"SUCCESS!-USER-UPDATED","timestamp":"2024-08-03T08:08:39.411Z"}
{"level":"info","message":"SUCCESS!-USERS-FOUND","timestamp":"2024-08-03T08:08:45.272Z"}
{"level":"info","message":"FAILED!-INVALID-USER-ID","timestamp":"2024-08-05T04:54:44.333Z"}
{"level":"info","message":"SUCCESS!-USER-POSTED","timestamp":"2024-08-05T05:42:33.020Z"}
{"level":"info","message":"FAILED!-INVALID-USER-ID","timestamp":"2024-08-05T06:14:27.629Z"}
{"level":"info","message":"SUCCESS!-USER-RETRIEVED","timestamp":"2024-08-05T06:14:59.716Z"}
{"level":"info","message":"SUCCESS!-USER-RETRIEVED","timestamp":"2024-08-05T06:15:50.886Z"}
{"level":"info","message":"SUCCESS!-USER-POSTED","timestamp":"2024-08-05T06:29:20.054Z"}
{"level":"info","message":"SUCCESS!-USER-POSTED","timestamp":"2024-08-05T06:52:43.115Z"}
{"level":"info","message":"SUCCESS!-USER-POSTED","timestamp":"2024-08-05T06:52:55.706Z"}
{"level":"info","message":"SUCCESS!-USER-POSTED","timestamp":"2024-08-05T06:55:30.086Z"}
{"level":"info","message":"SUCCESS!-USER-POSTED","timestamp":"2024-08-05T06:57:18.283Z"}
{"level":"info","message":"SUCCESS!-USER-POSTED","timestamp":"2024-08-05T07:02:30.038Z"}
{"level":"info","message":"SUCCESS!-USERS-FOUND","timestamp":"2024-08-05T07:49:33.700Z"}
{"level":"info","message":"SUCCESS!-USER-POSTED","timestamp":"2024-08-05T08:01:55.941Z"}
{"level":"info","message":"SUCCESS!-USER-POSTED","timestamp":"2024-08-05T09:23:05.531Z"}
{"level":"info","message":"SUCCESS!-USER-POSTED","timestamp":"2024-08-05T09:23:32.718Z"}
{"level":"info","message":"SUCCESS!-USER-POSTED","timestamp":"2025-04-13T07:25:25.751Z"}
{"level":"info","message":"SUCCESS!-USERS-FOUND","timestamp":"2025-04-13T07:39:26.432Z"}
{"level":"info","message":"SUCCESS!-USERS-FOUND","timestamp":"2025-06-05T06:59:39.428Z"}
{"level":"info","message":"SUCCESS!-USERS-FOUND","timestamp":"2025-06-07T05:22:22.772Z"}
{"level":"info","message":"SUCCESS!-USERS-FOUND","timestamp":"2025-06-07T05:23:43.994Z"}
{"level":"info","message":"SUCCESS!-USERS-FOUND","timestamp":"2025-06-10T11:49:00.416Z"}
{"level":"info","message":"SUCCESS!-USERS-FOUND","timestamp":"2025-06-10T11:56:18.038Z"}
{"level":"info","message":"SUCCESS!-USERS-FOUND","timestamp":"2025-06-12T11:21:32.408Z"}
{"level":"info","message":"SUCCESS!-USERS-FOUND","timestamp":"2025-06-12T12:23:15.763Z"}
{"level":"info","message":"SUCCESS!-USERS-FOUND","timestamp":"2025-06-16T11:37:17.553Z"}
{"level":"info","message":"SUCCESS!-USERS-FOUND","timestamp":"2025-06-16T11:38:16.416Z"}
{"level":"info","message":"SUCCESS!-USERS-FOUND","timestamp":"2025-06-16T11:39:17.705Z"}
{"level":"info","message":"SUCCESS!-USERS-FOUND","timestamp":"2025-06-16T11:41:55.797Z"}
{"level":"info","message":"SUCCESS!-USERS-FOUND","timestamp":"2025-06-16T11:43:10.891Z"}
{"level":"info","message":"SUCCESS!-USERS-FOUND","timestamp":"2025-06-16T11:44:53.600Z"}
{"level":"info","message":"SUCCESS!-USERS-FOUND","timestamp":"2025-06-16T11:46:50.513Z"}
{"level":"info","message":"SUCCESS!-USERS-FOUND","timestamp":"2025-06-16T11:47:07.713Z"}
{"level":"info","message":"SUCCESS!-USERS-FOUND","timestamp":"2025-06-16T11:47:32.081Z"}
{"level":"info","message":"SUCCESS!-USERS-FOUND","timestamp":"2025-06-16T11:53:46.976Z"}
{"level":"info","message":"SUCCESS!-USERS-FOUND","timestamp":"2025-06-16T11:54:13.788Z"}
{"level":"info","message":"SUCCESS!-USERS-FOUND","timestamp":"2025-06-16T11:54:28.930Z"}
{"level":"info","message":"SUCCESS!-USERS-FOUND","timestamp":"2025-06-16T11:54:38.957Z"}
{"level":"info","message":"SUCCESS!-USERS-FOUND","timestamp":"2025-06-16T11:54:52.865Z"}
{"level":"info","message":"SUCCESS!-USERS-FOUND","timestamp":"2025-06-16T12:01:58.956Z"}
{"level":"info","message":"SUCCESS!-USERS-FOUND","timestamp":"2025-06-16T12:02:25.538Z"}
{"level":"info","message":"SUCCESS!-USERS-FOUND","timestamp":"2025-06-16T12:03:06.831Z"}
{"level":"info","message":"SUCCESS!-USERS-FOUND","timestamp":"2025-06-16T12:03:12.656Z"}
{"level":"info","message":"SUCCESS!-USERS-FOUND","timestamp":"2025-06-16T12:03:34.544Z"}
{"level":"info","message":"SUCCESS!-USERS-FOUND","timestamp":"2025-06-16T12:03:38.461Z"}
{"level":"info","message":"SUCCESS!-USERS-FOUND","timestamp":"2025-06-16T12:03:44.680Z"}
{"level":"info","message":"SUCCESS!-USERS-FOUND","timestamp":"2025-06-16T12:04:40.399Z"}
{"level":"info","message":"SUCCESS!-USERS-FOUND","timestamp":"2025-06-16T12:04:56.921Z"}
{"level":"info","message":"SUCCESS!-USERS-FOUND","timestamp":"2025-06-16T12:05:01.769Z"}
{"level":"info","message":"SUCCESS!-USERS-FOUND","timestamp":"2025-06-16T12:05:08.875Z"}
{"level":"info","message":"SUCCESS!-USERS-FOUND","timestamp":"2025-06-16T12:05:12.843Z"}
{"level":"info","message":"SUCCESS!-USERS-FOUND","timestamp":"2025-06-16T12:05:26.333Z"}
{"level":"info","message":"SUCCESS!-USERS-FOUND","timestamp":"2025-06-16T12:05:42.909Z"}
{"level":"info","message":"SUCCESS!-USERS-FOUND","timestamp":"2025-06-16T12:05:53.878Z"}
{"level":"info","message":"SUCCESS!-USERS-FOUND","timestamp":"2025-06-16T12:06:10.687Z"}
{"level":"info","message":"SUCCESS!-USERS-FOUND","timestamp":"2025-06-16T12:06:18.029Z"}
{"level":"info","message":"SUCCESS!-USERS-FOUND","timestamp":"2025-06-16T12:06:44.408Z"}
{"level":"info","message":"SUCCESS!-USERS-FOUND","timestamp":"2025-06-16T12:06:51.695Z"}
{"level":"info","message":"SUCCESS!-USERS-FOUND","timestamp":"2025-06-16T12:06:54.270Z"}
{"level":"info","message":"SUCCESS!-USERS-FOUND","timestamp":"2025-06-16T12:07:06.903Z"}
{"level":"info","message":"SUCCESS!-USERS-FOUND","timestamp":"2025-06-16T12:07:22.080Z"}
{"level":"info","message":"SUCCESS!-USERS-FOUND","timestamp":"2025-06-16T12:07:41.433Z"}
{"level":"info","message":"SUCCESS!-USERS-FOUND","timestamp":"2025-06-16T12:39:53.419Z"}
{"level":"info","message":"SUCCESS!-USERS-FOUND","timestamp":"2025-06-16T12:51:21.472Z"}
{"level":"info","message":"SUCCESS!-USERS-FOUND","timestamp":"2025-06-16T12:52:25.439Z"}
{"level":"info","message":"SUCCESS!-USERS-FOUND","timestamp":"2025-06-16T13:02:45.339Z"}
